                               No. of Molecules =     1600
                  No. of Atoms in Each Molecule =        1
                                      Time Step =          1.0000
                                No. of MD Steps =      600
                            Desired Temperature =         85.0000
                            Cubix Box Dimension =         21.1606
                   Lennard-Jones Parameters eps =          0.2381    Sigms          3.4050
      Cutoff for Lennard-Jones potential (RCut) =         10.0000
                                Mass of LJ Atom =         39.9480




Temperature is set to       85.000
Initial potential en******************
        Step              PE              KE                TE 
         1            Infinity               NaN               NaN
         2             0.00000               NaN               NaN
         3             0.00000               NaN               NaN
         4             0.00000               NaN               NaN
         5             0.00000               NaN               NaN
         6             0.00000               NaN               NaN
         7             0.00000               NaN               NaN
         8             0.00000               NaN               NaN
         9             0.00000               NaN               NaN
        10             0.00000               NaN               NaN
        11             0.00000               NaN               NaN
        12             0.00000               NaN               NaN
        13             0.00000               NaN               NaN
        14             0.00000               NaN               NaN
        15             0.00000               NaN               NaN
        16             0.00000               NaN               NaN
        17             0.00000               NaN               NaN
        18             0.00000               NaN               NaN
        19             0.00000               NaN               NaN
        20             0.00000               NaN               NaN
        21             0.00000               NaN               NaN
        22             0.00000               NaN               NaN
        23             0.00000               NaN               NaN
        24             0.00000               NaN               NaN
        25             0.00000               NaN               NaN
        26             0.00000               NaN               NaN
        27             0.00000               NaN               NaN
        28             0.00000               NaN               NaN
        29             0.00000               NaN               NaN
        30             0.00000               NaN               NaN
        31             0.00000               NaN               NaN
        32             0.00000               NaN               NaN
        33             0.00000               NaN               NaN
        34             0.00000               NaN               NaN
        35             0.00000               NaN               NaN
        36             0.00000               NaN               NaN
        37             0.00000               NaN               NaN
        38             0.00000               NaN               NaN
        39             0.00000               NaN               NaN
        40             0.00000               NaN               NaN
        41             0.00000               NaN               NaN
        42             0.00000               NaN               NaN
        43             0.00000               NaN               NaN
        44             0.00000               NaN               NaN
        45             0.00000               NaN               NaN
        46             0.00000               NaN               NaN
        47             0.00000               NaN               NaN
        48             0.00000               NaN               NaN
        49             0.00000               NaN               NaN
        50             0.00000               NaN               NaN
        51             0.00000               NaN               NaN
        52             0.00000               NaN               NaN
        53             0.00000               NaN               NaN
        54             0.00000               NaN               NaN
        55             0.00000               NaN               NaN
        56             0.00000               NaN               NaN
        57             0.00000               NaN               NaN
        58             0.00000               NaN               NaN
        59             0.00000               NaN               NaN
        60             0.00000               NaN               NaN
        61             0.00000               NaN               NaN
        62             0.00000               NaN               NaN
        63             0.00000               NaN               NaN
        64             0.00000               NaN               NaN
        65             0.00000               NaN               NaN
        66             0.00000               NaN               NaN
        67             0.00000               NaN               NaN
        68             0.00000               NaN               NaN
        69             0.00000               NaN               NaN
        70             0.00000               NaN               NaN
        71             0.00000               NaN               NaN
        72             0.00000               NaN               NaN
        73             0.00000               NaN               NaN
        74             0.00000               NaN               NaN
        75             0.00000               NaN               NaN
        76             0.00000               NaN               NaN
        77             0.00000               NaN               NaN
        78             0.00000               NaN               NaN
        79             0.00000               NaN               NaN
        80             0.00000               NaN               NaN
        81             0.00000               NaN               NaN
        82             0.00000               NaN               NaN
        83             0.00000               NaN               NaN
        84             0.00000               NaN               NaN
        85             0.00000               NaN               NaN
        86             0.00000               NaN               NaN
        87             0.00000               NaN               NaN
        88             0.00000               NaN               NaN
        89             0.00000               NaN               NaN
        90             0.00000               NaN               NaN
        91             0.00000               NaN               NaN
        92             0.00000               NaN               NaN
        93             0.00000               NaN               NaN
        94             0.00000               NaN               NaN
        95             0.00000               NaN               NaN
        96             0.00000               NaN               NaN
        97             0.00000               NaN               NaN
        98             0.00000               NaN               NaN
        99             0.00000               NaN               NaN
       100             0.00000               NaN               NaN
       101             0.00000               NaN               NaN
       102             0.00000               NaN               NaN
       103             0.00000               NaN               NaN
       104             0.00000               NaN               NaN
       105             0.00000               NaN               NaN
       106             0.00000               NaN               NaN
       107             0.00000               NaN               NaN
       108             0.00000               NaN               NaN
       109             0.00000               NaN               NaN
       110             0.00000               NaN               NaN
       111             0.00000               NaN               NaN
       112             0.00000               NaN               NaN
       113             0.00000               NaN               NaN
       114             0.00000               NaN               NaN
       115             0.00000               NaN               NaN
       116             0.00000               NaN               NaN
       117             0.00000               NaN               NaN
       118             0.00000               NaN               NaN
       119             0.00000               NaN               NaN
       120             0.00000               NaN               NaN
       121             0.00000               NaN               NaN
       122             0.00000               NaN               NaN
       123             0.00000               NaN               NaN
       124             0.00000               NaN               NaN
       125             0.00000               NaN               NaN
       126             0.00000               NaN               NaN
       127             0.00000               NaN               NaN
       128             0.00000               NaN               NaN
       129             0.00000               NaN               NaN
       130             0.00000               NaN               NaN
       131             0.00000               NaN               NaN
       132             0.00000               NaN               NaN
       133             0.00000               NaN               NaN
       134             0.00000               NaN               NaN
       135             0.00000               NaN               NaN
       136             0.00000               NaN               NaN
       137             0.00000               NaN               NaN
       138             0.00000               NaN               NaN
       139             0.00000               NaN               NaN
       140             0.00000               NaN               NaN
       141             0.00000               NaN               NaN
       142             0.00000               NaN               NaN
       143             0.00000               NaN               NaN
       144             0.00000               NaN               NaN
       145             0.00000               NaN               NaN
       146             0.00000               NaN               NaN
       147             0.00000               NaN               NaN
       148             0.00000               NaN               NaN
       149             0.00000               NaN               NaN
       150             0.00000               NaN               NaN
       151             0.00000               NaN               NaN
       152             0.00000               NaN               NaN
       153             0.00000               NaN               NaN
       154             0.00000               NaN               NaN
       155             0.00000               NaN               NaN
       156             0.00000               NaN               NaN
       157             0.00000               NaN               NaN
       158             0.00000               NaN               NaN
       159             0.00000               NaN               NaN
       160             0.00000               NaN               NaN
       161             0.00000               NaN               NaN
       162             0.00000               NaN               NaN
       163             0.00000               NaN               NaN
       164             0.00000               NaN               NaN
       165             0.00000               NaN               NaN
       166             0.00000               NaN               NaN
       167             0.00000               NaN               NaN
       168             0.00000               NaN               NaN
       169             0.00000               NaN               NaN
       170             0.00000               NaN               NaN
       171             0.00000               NaN               NaN
       172             0.00000               NaN               NaN
       173             0.00000               NaN               NaN
       174             0.00000               NaN               NaN
       175             0.00000               NaN               NaN
       176             0.00000               NaN               NaN
       177             0.00000               NaN               NaN
       178             0.00000               NaN               NaN
       179             0.00000               NaN               NaN
       180             0.00000               NaN               NaN
       181             0.00000               NaN               NaN
       182             0.00000               NaN               NaN
       183             0.00000               NaN               NaN
       184             0.00000               NaN               NaN
       185             0.00000               NaN               NaN
       186             0.00000               NaN               NaN
       187             0.00000               NaN               NaN
       188             0.00000               NaN               NaN
       189             0.00000               NaN               NaN
       190             0.00000               NaN               NaN
       191             0.00000               NaN               NaN
       192             0.00000               NaN               NaN
       193             0.00000               NaN               NaN
       194             0.00000               NaN               NaN
       195             0.00000               NaN               NaN
       196             0.00000               NaN               NaN
       197             0.00000               NaN               NaN
       198             0.00000               NaN               NaN
       199             0.00000               NaN               NaN
       200             0.00000               NaN               NaN
       201             0.00000               NaN               NaN
       202             0.00000               NaN               NaN
       203             0.00000               NaN               NaN
       204             0.00000               NaN               NaN
       205             0.00000               NaN               NaN
       206             0.00000               NaN               NaN
       207             0.00000               NaN               NaN
       208             0.00000               NaN               NaN
       209             0.00000               NaN               NaN
       210             0.00000               NaN               NaN
       211             0.00000               NaN               NaN
       212             0.00000               NaN               NaN
       213             0.00000               NaN               NaN
       214             0.00000               NaN               NaN
       215             0.00000               NaN               NaN
       216             0.00000               NaN               NaN
       217             0.00000               NaN               NaN
       218             0.00000               NaN               NaN
       219             0.00000               NaN               NaN
       220             0.00000               NaN               NaN
       221             0.00000               NaN               NaN
       222             0.00000               NaN               NaN
       223             0.00000               NaN               NaN
       224             0.00000               NaN               NaN
       225             0.00000               NaN               NaN
       226             0.00000               NaN               NaN
       227             0.00000               NaN               NaN
       228             0.00000               NaN               NaN
       229             0.00000               NaN               NaN
       230             0.00000               NaN               NaN
       231             0.00000               NaN               NaN
       232             0.00000               NaN               NaN
       233             0.00000               NaN               NaN
       234             0.00000               NaN               NaN
       235             0.00000               NaN               NaN
       236             0.00000               NaN               NaN
       237             0.00000               NaN               NaN
       238             0.00000               NaN               NaN
       239             0.00000               NaN               NaN
       240             0.00000               NaN               NaN
       241             0.00000               NaN               NaN
       242             0.00000               NaN               NaN
       243             0.00000               NaN               NaN
       244             0.00000               NaN               NaN
       245             0.00000               NaN               NaN
       246             0.00000               NaN               NaN
       247             0.00000               NaN               NaN
       248             0.00000               NaN               NaN
       249             0.00000               NaN               NaN
       250             0.00000               NaN               NaN
       251             0.00000               NaN               NaN
       252             0.00000               NaN               NaN
       253             0.00000               NaN               NaN
       254             0.00000               NaN               NaN
       255             0.00000               NaN               NaN
       256             0.00000               NaN               NaN
       257             0.00000               NaN               NaN
       258             0.00000               NaN               NaN
       259             0.00000               NaN               NaN
       260             0.00000               NaN               NaN
       261             0.00000               NaN               NaN
       262             0.00000               NaN               NaN
       263             0.00000               NaN               NaN
       264             0.00000               NaN               NaN
       265             0.00000               NaN               NaN
       266             0.00000               NaN               NaN
       267             0.00000               NaN               NaN
       268             0.00000               NaN               NaN
       269             0.00000               NaN               NaN
       270             0.00000               NaN               NaN
       271             0.00000               NaN               NaN
       272             0.00000               NaN               NaN
       273             0.00000               NaN               NaN
       274             0.00000               NaN               NaN
       275             0.00000               NaN               NaN
       276             0.00000               NaN               NaN
       277             0.00000               NaN               NaN
       278             0.00000               NaN               NaN
       279             0.00000               NaN               NaN
       280             0.00000               NaN               NaN
       281             0.00000               NaN               NaN
       282             0.00000               NaN               NaN
       283             0.00000               NaN               NaN
       284             0.00000               NaN               NaN
       285             0.00000               NaN               NaN
       286             0.00000               NaN               NaN
       287             0.00000               NaN               NaN
       288             0.00000               NaN               NaN
       289             0.00000               NaN               NaN
       290             0.00000               NaN               NaN
       291             0.00000               NaN               NaN
       292             0.00000               NaN               NaN
       293             0.00000               NaN               NaN
       294             0.00000               NaN               NaN
       295             0.00000               NaN               NaN
       296             0.00000               NaN               NaN
       297             0.00000               NaN               NaN
       298             0.00000               NaN               NaN
       299             0.00000               NaN               NaN
       300             0.00000               NaN               NaN
       301             0.00000               NaN               NaN
       302             0.00000               NaN               NaN
       303             0.00000               NaN               NaN
       304             0.00000               NaN               NaN
       305             0.00000               NaN               NaN
       306             0.00000               NaN               NaN
       307             0.00000               NaN               NaN
       308             0.00000               NaN               NaN
       309             0.00000               NaN               NaN
       310             0.00000               NaN               NaN
       311             0.00000               NaN               NaN
       312             0.00000               NaN               NaN
       313             0.00000               NaN               NaN
       314             0.00000               NaN               NaN
       315             0.00000               NaN               NaN
       316             0.00000               NaN               NaN
       317             0.00000               NaN               NaN
       318             0.00000               NaN               NaN
       319             0.00000               NaN               NaN
       320             0.00000               NaN               NaN
       321             0.00000               NaN               NaN
       322             0.00000               NaN               NaN
       323             0.00000               NaN               NaN
       324             0.00000               NaN               NaN
       325             0.00000               NaN               NaN
       326             0.00000               NaN               NaN
       327             0.00000               NaN               NaN
       328             0.00000               NaN               NaN
       329             0.00000               NaN               NaN
       330             0.00000               NaN               NaN
       331             0.00000               NaN               NaN
       332             0.00000               NaN               NaN
       333             0.00000               NaN               NaN
       334             0.00000               NaN               NaN
       335             0.00000               NaN               NaN
       336             0.00000               NaN               NaN
       337             0.00000               NaN               NaN
       338             0.00000               NaN               NaN
       339             0.00000               NaN               NaN
       340             0.00000               NaN               NaN
       341             0.00000               NaN               NaN
       342             0.00000               NaN               NaN
       343             0.00000               NaN               NaN
       344             0.00000               NaN               NaN
       345             0.00000               NaN               NaN
       346             0.00000               NaN               NaN
       347             0.00000               NaN               NaN
       348             0.00000               NaN               NaN
       349             0.00000               NaN               NaN
       350             0.00000               NaN               NaN
       351             0.00000               NaN               NaN
       352             0.00000               NaN               NaN
       353             0.00000               NaN               NaN
       354             0.00000               NaN               NaN
       355             0.00000               NaN               NaN
       356             0.00000               NaN               NaN
       357             0.00000               NaN               NaN
       358             0.00000               NaN               NaN
       359             0.00000               NaN               NaN
       360             0.00000               NaN               NaN
       361             0.00000               NaN               NaN
       362             0.00000               NaN               NaN
       363             0.00000               NaN               NaN
       364             0.00000               NaN               NaN
       365             0.00000               NaN               NaN
       366             0.00000               NaN               NaN
       367             0.00000               NaN               NaN
       368             0.00000               NaN               NaN
       369             0.00000               NaN               NaN
       370             0.00000               NaN               NaN
       371             0.00000               NaN               NaN
       372             0.00000               NaN               NaN
       373             0.00000               NaN               NaN
       374             0.00000               NaN               NaN
       375             0.00000               NaN               NaN
       376             0.00000               NaN               NaN
       377             0.00000               NaN               NaN
       378             0.00000               NaN               NaN
       379             0.00000               NaN               NaN
       380             0.00000               NaN               NaN
       381             0.00000               NaN               NaN
       382             0.00000               NaN               NaN
       383             0.00000               NaN               NaN
       384             0.00000               NaN               NaN
       385             0.00000               NaN               NaN
       386             0.00000               NaN               NaN
       387             0.00000               NaN               NaN
       388             0.00000               NaN               NaN
       389             0.00000               NaN               NaN
       390             0.00000               NaN               NaN
       391             0.00000               NaN               NaN
       392             0.00000               NaN               NaN
       393             0.00000               NaN               NaN
       394             0.00000               NaN               NaN
       395             0.00000               NaN               NaN
       396             0.00000               NaN               NaN
       397             0.00000               NaN               NaN
       398             0.00000               NaN               NaN
       399             0.00000               NaN               NaN
       400             0.00000               NaN               NaN
       401             0.00000               NaN               NaN
       402             0.00000               NaN               NaN
       403             0.00000               NaN               NaN
       404             0.00000               NaN               NaN
       405             0.00000               NaN               NaN
       406             0.00000               NaN               NaN
       407             0.00000               NaN               NaN
       408             0.00000               NaN               NaN
       409             0.00000               NaN               NaN
       410             0.00000               NaN               NaN
       411             0.00000               NaN               NaN
       412             0.00000               NaN               NaN
       413             0.00000               NaN               NaN
       414             0.00000               NaN               NaN
       415             0.00000               NaN               NaN
       416             0.00000               NaN               NaN
       417             0.00000               NaN               NaN
       418             0.00000               NaN               NaN
       419             0.00000               NaN               NaN
       420             0.00000               NaN               NaN
       421             0.00000               NaN               NaN
       422             0.00000               NaN               NaN
       423             0.00000               NaN               NaN
       424             0.00000               NaN               NaN
       425             0.00000               NaN               NaN
       426             0.00000               NaN               NaN
       427             0.00000               NaN               NaN
       428             0.00000               NaN               NaN
       429             0.00000               NaN               NaN
       430             0.00000               NaN               NaN
       431             0.00000               NaN               NaN
       432             0.00000               NaN               NaN
       433             0.00000               NaN               NaN
       434             0.00000               NaN               NaN
       435             0.00000               NaN               NaN
       436             0.00000               NaN               NaN
       437             0.00000               NaN               NaN
       438             0.00000               NaN               NaN
       439             0.00000               NaN               NaN
       440             0.00000               NaN               NaN
       441             0.00000               NaN               NaN
       442             0.00000               NaN               NaN
       443             0.00000               NaN               NaN
       444             0.00000               NaN               NaN
       445             0.00000               NaN               NaN
       446             0.00000               NaN               NaN
       447             0.00000               NaN               NaN
       448             0.00000               NaN               NaN
       449             0.00000               NaN               NaN
       450             0.00000               NaN               NaN
       451             0.00000               NaN               NaN
       452             0.00000               NaN               NaN
       453             0.00000               NaN               NaN
       454             0.00000               NaN               NaN
       455             0.00000               NaN               NaN
       456             0.00000               NaN               NaN
       457             0.00000               NaN               NaN
       458             0.00000               NaN               NaN
       459             0.00000               NaN               NaN
       460             0.00000               NaN               NaN
       461             0.00000               NaN               NaN
       462             0.00000               NaN               NaN
       463             0.00000               NaN               NaN
       464             0.00000               NaN               NaN
       465             0.00000               NaN               NaN
       466             0.00000               NaN               NaN
       467             0.00000               NaN               NaN
       468             0.00000               NaN               NaN
       469             0.00000               NaN               NaN
       470             0.00000               NaN               NaN
       471             0.00000               NaN               NaN
       472             0.00000               NaN               NaN
       473             0.00000               NaN               NaN
       474             0.00000               NaN               NaN
       475             0.00000               NaN               NaN
       476             0.00000               NaN               NaN
       477             0.00000               NaN               NaN
       478             0.00000               NaN               NaN
       479             0.00000               NaN               NaN
       480             0.00000               NaN               NaN
       481             0.00000               NaN               NaN
       482             0.00000               NaN               NaN
       483             0.00000               NaN               NaN
       484             0.00000               NaN               NaN
       485             0.00000               NaN               NaN
       486             0.00000               NaN               NaN
       487             0.00000               NaN               NaN
       488             0.00000               NaN               NaN
       489             0.00000               NaN               NaN
       490             0.00000               NaN               NaN
       491             0.00000               NaN               NaN
       492             0.00000               NaN               NaN
       493             0.00000               NaN               NaN
       494             0.00000               NaN               NaN
       495             0.00000               NaN               NaN
       496             0.00000               NaN               NaN
       497             0.00000               NaN               NaN
       498             0.00000               NaN               NaN
       499             0.00000               NaN               NaN
       500             0.00000               NaN               NaN
       501             0.00000               NaN               NaN
       502             0.00000               NaN               NaN
       503             0.00000               NaN               NaN
       504             0.00000               NaN               NaN
       505             0.00000               NaN               NaN
       506             0.00000               NaN               NaN
       507             0.00000               NaN               NaN
       508             0.00000               NaN               NaN
       509             0.00000               NaN               NaN
       510             0.00000               NaN               NaN
       511             0.00000               NaN               NaN
       512             0.00000               NaN               NaN
       513             0.00000               NaN               NaN
       514             0.00000               NaN               NaN
       515             0.00000               NaN               NaN
       516             0.00000               NaN               NaN
       517             0.00000               NaN               NaN
       518             0.00000               NaN               NaN
       519             0.00000               NaN               NaN
       520             0.00000               NaN               NaN
       521             0.00000               NaN               NaN
       522             0.00000               NaN               NaN
       523             0.00000               NaN               NaN
       524             0.00000               NaN               NaN
       525             0.00000               NaN               NaN
       526             0.00000               NaN               NaN
       527             0.00000               NaN               NaN
       528             0.00000               NaN               NaN
       529             0.00000               NaN               NaN
       530             0.00000               NaN               NaN
       531             0.00000               NaN               NaN
       532             0.00000               NaN               NaN
       533             0.00000               NaN               NaN
       534             0.00000               NaN               NaN
       535             0.00000               NaN               NaN
       536             0.00000               NaN               NaN
       537             0.00000               NaN               NaN
       538             0.00000               NaN               NaN
       539             0.00000               NaN               NaN
       540             0.00000               NaN               NaN
       541             0.00000               NaN               NaN
       542             0.00000               NaN               NaN
       543             0.00000               NaN               NaN
       544             0.00000               NaN               NaN
       545             0.00000               NaN               NaN
       546             0.00000               NaN               NaN
       547             0.00000               NaN               NaN
       548             0.00000               NaN               NaN
       549             0.00000               NaN               NaN
       550             0.00000               NaN               NaN
       551             0.00000               NaN               NaN
       552             0.00000               NaN               NaN
       553             0.00000               NaN               NaN
       554             0.00000               NaN               NaN
       555             0.00000               NaN               NaN
       556             0.00000               NaN               NaN
       557             0.00000               NaN               NaN
       558             0.00000               NaN               NaN
       559             0.00000               NaN               NaN
       560             0.00000               NaN               NaN
       561             0.00000               NaN               NaN
       562             0.00000               NaN               NaN
       563             0.00000               NaN               NaN
       564             0.00000               NaN               NaN
       565             0.00000               NaN               NaN
       566             0.00000               NaN               NaN
       567             0.00000               NaN               NaN
       568             0.00000               NaN               NaN
       569             0.00000               NaN               NaN
       570             0.00000               NaN               NaN
       571             0.00000               NaN               NaN
       572             0.00000               NaN               NaN
       573             0.00000               NaN               NaN
       574             0.00000               NaN               NaN
       575             0.00000               NaN               NaN
       576             0.00000               NaN               NaN
       577             0.00000               NaN               NaN
       578             0.00000               NaN               NaN
       579             0.00000               NaN               NaN
       580             0.00000               NaN               NaN
       581             0.00000               NaN               NaN
       582             0.00000               NaN               NaN
       583             0.00000               NaN               NaN
       584             0.00000               NaN               NaN
       585             0.00000               NaN               NaN
       586             0.00000               NaN               NaN
       587             0.00000               NaN               NaN
       588             0.00000               NaN               NaN
       589             0.00000               NaN               NaN
       590             0.00000               NaN               NaN
       591             0.00000               NaN               NaN
       592             0.00000               NaN               NaN
       593             0.00000               NaN               NaN
       594             0.00000               NaN               NaN
       595             0.00000               NaN               NaN
       596             0.00000               NaN               NaN
       597             0.00000               NaN               NaN
       598             0.00000               NaN               NaN
       599             0.00000               NaN               NaN
       600             0.00000               NaN               NaN
Time (in sec):         4.20
